<?xml version="1.0" encoding="UTF-8"?>
<testng-results ignored="0" total="2" passed="2" failed="0" skipped="0">
  <reporter-output>
  </reporter-output>
  <suite started-at="2022-12-27T11:45:25 IST" name="Suite" finished-at="2022-12-27T11:46:14 IST" duration-ms="48795">
    <groups>
    </groups>
    <test started-at="2022-12-27T11:45:25 IST" name="Test" finished-at="2022-12-27T11:46:14 IST" duration-ms="48795">
      <class name="Com.Banking.TestCases.Banking_LoginTestCase2">
        <test-method is-config="true" signature="initialization()[pri:0, instance:Com.Banking.TestCases.Banking_LoginTestCase2@22ef9844]" started-at="2022-12-27T11:45:25 IST" name="initialization" finished-at="2022-12-27T11:45:36 IST" duration-ms="10931" status="PASS">
          <reporter-output>
          </reporter-output>
        </test-method> <!-- initialization -->
        <test-method signature="LoginTest()[pri:0, instance:Com.Banking.TestCases.Banking_LoginTestCase2@22ef9844]" started-at="2022-12-27T11:45:36 IST" name="LoginTest" finished-at="2022-12-27T11:45:39 IST" duration-ms="2845" status="PASS">
          <reporter-output>
          </reporter-output>
        </test-method> <!-- LoginTest -->
        <test-method is-config="true" signature="TearDwon()[pri:0, instance:Com.Banking.TestCases.Banking_LoginTestCase2@22ef9844]" started-at="2022-12-27T11:45:39 IST" name="TearDwon" finished-at="2022-12-27T11:45:58 IST" duration-ms="19262" status="PASS">
          <reporter-output>
          </reporter-output>
        </test-method> <!-- TearDwon -->
      </class> <!-- Com.Banking.TestCases.Banking_LoginTestCase2 -->
      <class name="Com.Banking.TestCases.Banking_LoginTestCase">
        <test-method is-config="true" signature="initialization()[pri:0, instance:Com.Banking.TestCases.Banking_LoginTestCase@66f57048]" started-at="2022-12-27T11:45:58 IST" name="initialization" finished-at="2022-12-27T11:46:08 IST" duration-ms="9880" status="PASS">
          <reporter-output>
          </reporter-output>
        </test-method> <!-- initialization -->
        <test-method signature="LoginTest()[pri:0, instance:Com.Banking.TestCases.Banking_LoginTestCase@66f57048]" started-at="2022-12-27T11:46:08 IST" name="LoginTest" finished-at="2022-12-27T11:46:11 IST" duration-ms="2728" status="PASS">
          <reporter-output>
          </reporter-output>
        </test-method> <!-- LoginTest -->
        <test-method is-config="true" signature="TearDwon()[pri:0, instance:Com.Banking.TestCases.Banking_LoginTestCase@66f57048]" started-at="2022-12-27T11:46:11 IST" name="TearDwon" finished-at="2022-12-27T11:46:14 IST" duration-ms="3114" status="PASS">
          <reporter-output>
          </reporter-output>
        </test-method> <!-- TearDwon -->
      </class> <!-- Com.Banking.TestCases.Banking_LoginTestCase -->
    </test> <!-- Test -->
  </suite> <!-- Suite -->
</testng-results>
